#
# A fatal error has been detected by the Java Runtime Environment:
#
#  SIGSEGV (0xb) at pc=0x000000012126845f, pid=386, tid=0x0000000000009b4f
#
# JRE version: Java(TM) SE Runtime Environment (8.0_144-b01) (build 1.8.0_144-b01)
# Java VM: Java HotSpot(TM) 64-Bit Server VM (25.144-b01 mixed mode bsd-amd64 compressed oops)
# Problematic frame:
# C  [libawt_lwawt.dylib+0x1c45f]  OGLSD_SetScratchSurface+0x49
#
# Failed to write core dump. Core dumps have been disabled. To enable core dumping, try "ulimit -c unlimited" before starting Java again
#
# If you would like to submit a bug report, please visit:
#   http://bugreport.java.com/bugreport/crash.jsp
# The crash happened outside the Java Virtual Machine in native code.
# See problematic frame for where to report the bug.
#

---------------  T H R E A D  ---------------

Current thread (0x00007f979d867000):  JavaThread "Java2D Queue Flusher" daemon [_thread_in_native, id=39759, stack(0x0000700006df5000,0x0000700006ef5000)]

siginfo: si_signo: 11 (SIGSEGV), si_code: 1 (SEGV_MAPERR), si_addr: 0x0000000000000002

Registers:
RAX=0x00000000ffffffff, RBX=0x0000000000000002, RCX=0x0000000000000047, RDX=0x0000000121289258
RSP=0x0000700006ef4700, RBP=0x0000700006ef4720, RSI=0x00007f979ce6f010, RDI=0x00007f979d8671f8
R8 =0x00000000000056ff, R9 =0xffffffff00000000, R10=0x00000001066afc58, R11=0x0000000103def563
R12=0x0000000000000000, R13=0x000000011e371388, R14=0x00007f979d8671f8, R15=0x00007f979d867000
RIP=0x000000012126845f, EFLAGS=0x0000000000010202, ERR=0x0000000000000004
  TRAPNO=0x000000000000000e

Top of Stack: (sp=0x0000700006ef4700)
0x0000700006ef4700:   00007f979ce6f010 0000000000000000
0x0000700006ef4710:   00007f979d90ea10 00007f979d867000
0x0000700006ef4720:   0000700006ef47a0 0000000121288d36
0x0000700006ef4730:   00007f979d867000 000000021e375030
0x0000700006ef4740:   0000000000000000 000000019d006aca
0x0000700006ef4750:   0000000000000064 00007f979d867000
0x0000700006ef4760:   0000000000000bad 00007f979d90ea20
0x0000700006ef4770:   00007f9700867000 00007f979d8671f8
0x0000700006ef4780:   000000011e371388 0000000000000000
0x0000700006ef4790:   0000700006ef4850 00007f979d867000
0x0000700006ef47a0:   0000700006ef4818 00000001066afc84
0x0000700006ef47b0:   000000011df7f4e8 0000000000000000
0x0000700006ef47c0:   000000011df7d970 0000000000000000
0x0000700006ef47d0:   0000700006ef47f0 0000700006ef47d8
0x0000700006ef47e0:   0000000000000000 0000700006ef4850
0x0000700006ef47f0:   000000011e372490 0000000000000000
0x0000700006ef4800:   000000011e371388 0000000000000000
0x0000700006ef4810:   0000700006ef4838 0000700006ef4898
0x0000700006ef4820:   000000010669833d 0000000000000000
0x0000700006ef4830:   00000001066a6478 0000000000000020
0x0000700006ef4840:   00007f979d90ea00 000000076eb46858
0x0000700006ef4850:   000000076eb46840 0000700006ef4858
0x0000700006ef4860:   000000011e371435 0000700006ef48b0
0x0000700006ef4870:   000000011e372490 0000000000000000
0x0000700006ef4880:   000000011e371458 0000700006ef4838
0x0000700006ef4890:   0000700006ef48b0 0000700006ef48f8
0x0000700006ef48a0:   000000010669833d 0000000000000020
0x0000700006ef48b0:   000000076eb46840 0000700006ef48b8
0x0000700006ef48c0:   000000011e371611 0000700006ef4908
0x0000700006ef48d0:   000000011e372490 0000000000000000
0x0000700006ef48e0:   000000011e371620 0000700006ef48b0
0x0000700006ef48f0:   0000700006ef4908 0000700006ef4960 

Instructions: (pc=0x000000012126845f)
0x000000012126843f:   c0 e9 82 00 00 00 48 8b 5e 10 48 85 db 75 0e bf
0x000000012126844f:   01 00 00 00 48 8d 15 67 7b 03 00 eb d6 49 89 fe
0x000000012126845f:   4c 8b 3b 30 c0 e8 21 a6 02 00 49 8b 3f 49 89 c4
0x000000012126846f:   48 8b 35 aa 02 06 00 30 c0 e8 51 a7 02 00 48 85 

Register to memory mapping:

RAX=0x00000000ffffffff is an unknown value
RBX=0x0000000000000002 is an unknown value
RCX=0x0000000000000047 is an unknown value
RDX=0x0000000121289258: Java_sun_java2d_opengl_OGLRenderQueue_flushBuffer+0xb5c in /Applications/BlueJ.app/Contents/JDK/Home/jre/lib/libawt_lwawt.dylib at 0x000000012124c000
RSP=0x0000700006ef4700 is pointing into the stack for thread: 0x00007f979d867000
RBP=0x0000700006ef4720 is pointing into the stack for thread: 0x00007f979d867000
RSI=0x00007f979ce6f010 is an unknown value
RDI=0x00007f979d8671f8 is an unknown value
R8 =0x00000000000056ff is an unknown value
R9 =0xffffffff00000000 is an unknown value
R10=0x00000001066afc58 is at code_begin+1528 in an Interpreter codelet
method entry point (kind = native)  [0x00000001066af660, 0x00000001066b0580]  3872 bytes
R11=0x0000000103def563: throw_unsatisfied_link_error+0 in /Applications/BlueJ.app/Contents/JDK/Home/jre/lib/server/libjvm.dylib at 0x000000010390a000
R12=0x0000000000000000 is an unknown value
R13={method} {0x000000011e371388} 'flushBuffer' '(JI)V' in 'sun/java2d/opengl/OGLRenderQueue'
R14=0x00007f979d8671f8 is an unknown value
R15=0x00007f979d867000 is a thread


Stack: [0x0000700006df5000,0x0000700006ef5000],  sp=0x0000700006ef4700,  free space=1021k
Native frames: (J=compiled Java code, j=interpreted, Vv=VM code, C=native code)
C  [libawt_lwawt.dylib+0x1c45f]  OGLSD_SetScratchSurface+0x49
C  [libawt_lwawt.dylib+0x3cd36]  Java_sun_java2d_opengl_OGLRenderQueue_flushBuffer+0x63a
j  sun.java2d.opengl.OGLRenderQueue.flushBuffer(JI)V+0
j  sun.java2d.opengl.OGLRenderQueue.flushBuffer()V+21
j  sun.java2d.opengl.OGLRenderQueue.access$100(Lsun/java2d/opengl/OGLRenderQueue;)V+1
j  sun.java2d.opengl.OGLRenderQueue$QueueFlusher.run()V+81
v  ~StubRoutines::call_stub
V  [libjvm.dylib+0x2ee70a]
V  [libjvm.dylib+0x2eeeae]
V  [libjvm.dylib+0x2ef05a]
V  [libjvm.dylib+0x3497b1]
V  [libjvm.dylib+0x56c0b3]
V  [libjvm.dylib+0x56d7a0]
V  [libjvm.dylib+0x48baee]
C  [libsystem_pthread.dylib+0x3305]  _pthread_body+0x7e
C  [libsystem_pthread.dylib+0x626f]  _pthread_start+0x46
C  [libsystem_pthread.dylib+0x2415]  thread_start+0xd
C  0x0000000000000000

Java frames: (J=compiled Java code, j=interpreted, Vv=VM code)
j  sun.java2d.opengl.OGLRenderQueue.flushBuffer(JI)V+0
j  sun.java2d.opengl.OGLRenderQueue.flushBuffer()V+21
j  sun.java2d.opengl.OGLRenderQueue.access$100(Lsun/java2d/opengl/OGLRenderQueue;)V+1
j  sun.java2d.opengl.OGLRenderQueue$QueueFlusher.run()V+81
v  ~StubRoutines::call_stub

---------------  P R O C E S S  ---------------

Java Threads: ( => current thread )
  0x00007f979e2b2000 JavaThread "main" [_thread_blocked, id=14235, stack(0x0000700006cf2000,0x0000700006df2000)]
  0x00007f979e8f3000 JavaThread "Java2D Disposer" daemon [_thread_blocked, id=32075, stack(0x0000700007207000,0x0000700007307000)]
=>0x00007f979d867000 JavaThread "Java2D Queue Flusher" daemon [_thread_in_native, id=39759, stack(0x0000700006df5000,0x0000700006ef5000)]
  0x00007f979e983800 JavaThread "DestroyJavaVM" [_thread_blocked, id=9987, stack(0x0000700005b3c000,0x0000700005c3c000)]
  0x00007f979e953800 JavaThread "BlueJ worker thread" [_thread_blocked, id=79363, stack(0x0000700007104000,0x0000700007204000)]
  0x00007f979e0d6000 JavaThread "AppKit Thread" daemon [_thread_in_native, id=775, stack(0x00007ffeebb21000,0x00007ffeec321000)]
  0x00007f979e87c800 JavaThread "Service Thread" daemon [_thread_blocked, id=17667, stack(0x0000700006aec000,0x0000700006bec000)]
  0x00007f979e080000 JavaThread "C1 CompilerThread2" daemon [_thread_blocked, id=15619, stack(0x00007000069e9000,0x0000700006ae9000)]
  0x00007f979e87c000 JavaThread "C2 CompilerThread1" daemon [_thread_blocked, id=18435, stack(0x00007000068e6000,0x00007000069e6000)]
  0x00007f979e04b800 JavaThread "C2 CompilerThread0" daemon [_thread_blocked, id=18947, stack(0x00007000067e3000,0x00007000068e3000)]
  0x00007f979e847000 JavaThread "JDWP Command Reader" daemon [_thread_in_native, id=15363, stack(0x00007000066e0000,0x00007000067e0000)]
  0x00007f979e04a800 JavaThread "JDWP Event Helper Thread" daemon [_thread_blocked, id=14851, stack(0x00007000065dd000,0x00007000066dd000)]
  0x00007f979e01b800 JavaThread "JDWP Transport Listener: dt_socket" daemon [_thread_blocked, id=14599, stack(0x00007000064da000,0x00007000065da000)]
  0x00007f979e845800 JavaThread "Signal Dispatcher" daemon [_thread_blocked, id=19715, stack(0x00007000063d7000,0x00007000064d7000)]
  0x00007f979e043800 JavaThread "Finalizer" daemon [_thread_blocked, id=21251, stack(0x0000700006251000,0x0000700006351000)]
  0x00007f979e041000 JavaThread "Reference Handler" daemon [_thread_blocked, id=12547, stack(0x000070000614e000,0x000070000624e000)]

Other Threads:
  0x00007f979e825800 VMThread [stack: 0x000070000604b000,0x000070000614b000] [id=12035]
  0x00007f979e87d800 WatcherThread [stack: 0x0000700006bef000,0x0000700006cef000] [id=17411]

VM state:not at safepoint (normal execution)

VM Mutex/Monitor currently owned by a thread: None

Heap:
 PSYoungGen      total 76288K, used 6365K [0x000000076ab00000, 0x0000000770000000, 0x00000007c0000000)
  eden space 65536K, 6% used [0x000000076ab00000,0x000000076aed7188,0x000000076eb00000)
  from space 10752K, 22% used [0x000000076eb00000,0x000000076ed602e8,0x000000076f580000)
  to   space 10752K, 0% used [0x000000076f580000,0x000000076f580000,0x0000000770000000)
 ParOldGen       total 175104K, used 16K [0x00000006c0000000, 0x00000006cab00000, 0x000000076ab00000)
  object space 175104K, 0% used [0x00000006c0000000,0x00000006c0004000,0x00000006cab00000)
 Metaspace       used 10687K, capacity 11196K, committed 11264K, reserved 1058816K
  class space    used 1256K, capacity 1476K, committed 1536K, reserved 1048576K

Card table byte_map: [0x00000001055c0000,0x0000000105dc1000] byte_map_base: 0x0000000101fc0000

Marking Bits: (ParMarkBitMap*) 0x00000001041fd5d0
 Begin Bits: [0x0000000115690000, 0x0000000119690000)
 End Bits:   [0x0000000119690000, 0x000000011d690000)

Polling page: 0x00000001048f4000

CodeCache: size=245760Kb used=3641Kb max_used=3641Kb free=242119Kb
 bounds [0x0000000106690000, 0x0000000106a30000, 0x0000000115690000]
 total_blobs=1510 nmethods=1017 adapters=415
 compilation: enabled

Compilation events (10 events):
Event: 1984.401 Thread 0x00007f979e080000 1038       3       java.lang.Character::isLetterOrDigit (5 bytes)
Event: 1984.401 Thread 0x00007f979e080000 nmethod 1038 0x0000000106a1be90 code [0x0000000106a1c020, 0x0000000106a1c378]
Event: 1984.401 Thread 0x00007f979e080000 1039       3       java.lang.Character::isLetterOrDigit (19 bytes)
Event: 1984.402 Thread 0x00007f979e080000 nmethod 1039 0x0000000106a21390 code [0x0000000106a21520, 0x0000000106a21818]
Event: 2003.535 Thread 0x00007f979e080000 1040   !   3       java.lang.ref.Reference::tryHandlePending (115 bytes)
Event: 2003.536 Thread 0x00007f979e080000 nmethod 1040 0x0000000106a1ff10 code [0x0000000106a20140, 0x0000000106a20e48]
Event: 2003.536 Thread 0x00007f979e080000 1041   !   3       java.lang.ref.ReferenceQueue::enqueue (119 bytes)
Event: 2003.537 Thread 0x00007f979e080000 nmethod 1041 0x0000000106a1f350 code [0x0000000106a1f500, 0x0000000106a1fce8]
Event: 2003.537 Thread 0x00007f979e080000 1042       3       sun.misc.VM::addFinalRefCount (24 bytes)
Event: 2003.538 Thread 0x00007f979e080000 nmethod 1042 0x0000000106a1bb10 code [0x0000000106a1bc80, 0x0000000106a1be30]

GC Heap History (2 events):
Event: 2003.528 GC heap before
{Heap before GC invocations=1 (full 0):
 PSYoungGen      total 76288K, used 65536K [0x000000076ab00000, 0x0000000770000000, 0x00000007c0000000)
  eden space 65536K, 100% used [0x000000076ab00000,0x000000076eb00000,0x000000076eb00000)
  from space 10752K, 0% used [0x000000076f580000,0x000000076f580000,0x0000000770000000)
  to   space 10752K, 0% used [0x000000076eb00000,0x000000076eb00000,0x000000076f580000)
 ParOldGen       total 175104K, used 0K [0x00000006c0000000, 0x00000006cab00000, 0x000000076ab00000)
  object space 175104K, 0% used [0x00000006c0000000,0x00000006c0000000,0x00000006cab00000)
 Metaspace       used 10683K, capacity 11196K, committed 11264K, reserved 1058816K
  class space    used 1256K, capacity 1476K, committed 1536K, reserved 1048576K
Event: 2003.534 GC heap after
Heap after GC invocations=1 (full 0):
 PSYoungGen      total 76288K, used 2432K [0x000000076ab00000, 0x0000000770000000, 0x00000007c0000000)
  eden space 65536K, 0% used [0x000000076ab00000,0x000000076ab00000,0x000000076eb00000)
  from space 10752K, 22% used [0x000000076eb00000,0x000000076ed602e8,0x000000076f580000)
  to   space 10752K, 0% used [0x000000076f580000,0x000000076f580000,0x0000000770000000)
 ParOldGen       total 175104K, used 16K [0x00000006c0000000, 0x00000006cab00000, 0x000000076ab00000)
  object space 175104K, 0% used [0x00000006c0000000,0x00000006c0004000,0x00000006cab00000)
 Metaspace       used 10683K, capacity 11196K, committed 11264K, reserved 1058816K
  class space    used 1256K, capacity 1476K, committed 1536K, reserved 1048576K
}

Deoptimization events (8 events):
Event: 525.134 Thread 0x00007f979d08c000 Uncommon trap: reason=unstable_if action=reinterpret pc=0x00000001068991a4 method=java.lang.String.toLowerCase(Ljava/util/Locale;)Ljava/lang/String; @ 85
Event: 1674.738 Thread 0x00007f979d08c000 Uncommon trap: reason=unstable_if action=reinterpret pc=0x00000001069ad6a8 method=java.security.AccessControlContext.optimize()Ljava/security/AccessControlContext; @ 270
Event: 1674.739 Thread 0x00007f979d08c000 Uncommon trap: reason=class_check action=maybe_recompile pc=0x0000000106917ea4 method=java.util.concurrent.locks.AbstractQueuedSynchronizer.release(I)Z @ 2
Event: 1674.740 Thread 0x00007f979d08c000 Uncommon trap: reason=class_check action=maybe_recompile pc=0x0000000106917ea4 method=java.util.concurrent.locks.AbstractQueuedSynchronizer.release(I)Z @ 2
Event: 1674.741 Thread 0x00007f979d08c000 Uncommon trap: reason=class_check action=maybe_recompile pc=0x0000000106917ea4 method=java.util.concurrent.locks.AbstractQueuedSynchronizer.release(I)Z @ 2
Event: 1674.742 Thread 0x00007f979d08c000 Uncommon trap: reason=class_check action=maybe_recompile pc=0x0000000106917ea4 method=java.util.concurrent.locks.AbstractQueuedSynchronizer.release(I)Z @ 2
Event: 1788.267 Thread 0x00007f979d08c000 Uncommon trap: reason=unstable_if action=reinterpret pc=0x000000010695a8dc method=java.util.concurrent.locks.ReentrantLock$Sync.tryRelease(I)Z @ 28
Event: 1854.281 Thread 0x00007f979e8d4800 Uncommon trap: reason=unstable_if action=reinterpret pc=0x00000001069185a8 method=java.util.concurrent.locks.ReentrantLock$Sync.tryRelease(I)Z @ 28

Internal exceptions (10 events):
Event: 0.039 Thread 0x00007f979e007800 Exception <a 'java/lang/NoSuchMethodError': Method sun.misc.Unsafe.defineClass(Ljava/lang/String;[BII)Ljava/lang/Class; name or signature does not match> (0x000000076ab07ca8) thrown at [/Users/java_re/workspace/8-2-build-macosx-x86_64/jdk8u144/9417/hotspo
Event: 0.039 Thread 0x00007f979e007800 Exception <a 'java/lang/NoSuchMethodError': Method sun.misc.Unsafe.prefetchRead(Ljava/lang/Object;J)V name or signature does not match> (0x000000076ab07f90) thrown at [/Users/java_re/workspace/8-2-build-macosx-x86_64/jdk8u144/9417/hotspot/src/share/vm/pri
Event: 0.861 Thread 0x00007f979e007800 Exception <a 'java/security/PrivilegedActionException'> (0x000000076abca1c0) thrown at [/Users/java_re/workspace/8-2-build-macosx-x86_64/jdk8u144/9417/hotspot/src/share/vm/prims/jvm.cpp, line 1390]
Event: 0.861 Thread 0x00007f979e007800 Exception <a 'java/security/PrivilegedActionException'> (0x000000076abca3d0) thrown at [/Users/java_re/workspace/8-2-build-macosx-x86_64/jdk8u144/9417/hotspot/src/share/vm/prims/jvm.cpp, line 1390]
Event: 0.862 Thread 0x00007f979e007800 Exception <a 'java/security/PrivilegedActionException'> (0x000000076abcce10) thrown at [/Users/java_re/workspace/8-2-build-macosx-x86_64/jdk8u144/9417/hotspot/src/share/vm/prims/jvm.cpp, line 1390]
Event: 0.862 Thread 0x00007f979e007800 Exception <a 'java/security/PrivilegedActionException'> (0x000000076abcd020) thrown at [/Users/java_re/workspace/8-2-build-macosx-x86_64/jdk8u144/9417/hotspot/src/share/vm/prims/jvm.cpp, line 1390]
Event: 0.950 Thread 0x00007f979e007800 Exception <a 'java/lang/NoSuchFieldError': method resolution failed> (0x000000076af28dd8) thrown at [/Users/java_re/workspace/8-2-build-macosx-x86_64/jdk8u144/9417/hotspot/src/share/vm/prims/methodHandles.cpp, line 1146]
Event: 0.960 Thread 0x00007f979e007800 Exception <a 'java/lang/NoSuchFieldError': method resolution failed> (0x000000076af365a8) thrown at [/Users/java_re/workspace/8-2-build-macosx-x86_64/jdk8u144/9417/hotspot/src/share/vm/prims/methodHandles.cpp, line 1146]
Event: 1.530 Thread 0x00007f979e007800 Exception <a 'java/io/FileNotFoundException'> (0x000000076afb1650) thrown at [/Users/java_re/workspace/8-2-build-macosx-x86_64/jdk8u144/9417/hotspot/src/share/vm/prims/jni.cpp, line 709]
Event: 1.530 Thread 0x00007f979e007800 Exception <a 'java/io/FileNotFoundException'> (0x000000076afb20e0) thrown at [/Users/java_re/workspace/8-2-build-macosx-x86_64/jdk8u144/9417/hotspot/src/share/vm/prims/jni.cpp, line 709]

Events (10 events):
Event: 2001.986 Thread 0x00007f979e0c0000 Thread added: 0x00007f979e0c0000
Event: 2003.528 Executing VM operation: ParallelGCFailedAllocation
Event: 2003.534 Executing VM operation: ParallelGCFailedAllocation done
Event: 2003.534 Executing VM operation: RevokeBias
Event: 2003.534 Executing VM operation: RevokeBias done
Event: 2003.535 Executing VM operation: RevokeBias
Event: 2003.535 Executing VM operation: RevokeBias done
Event: 2003.536 Thread 0x00007f979e0c0000 Thread exited: 0x00007f979e0c0000
Event: 2003.536 Executing VM operation: RevokeBias
Event: 2003.536 Executing VM operation: RevokeBias done


Dynamic libraries:
0x000000000a196000 	/System/Library/Frameworks/Cocoa.framework/Versions/A/Cocoa
0x000000000a196000 	/System/Library/Frameworks/Security.framework/Versions/A/Security
0x000000000a196000 	/System/Library/Frameworks/ApplicationServices.framework/Versions/A/ApplicationServices
0x000000000a196000 	/usr/lib/libz.1.dylib
0x000000000a196000 	/usr/lib/libSystem.B.dylib
0x000000000a196000 	/usr/lib/libobjc.A.dylib
0x000000000a196000 	/System/Library/Frameworks/CoreFoundation.framework/Versions/A/CoreFoundation
0x000000000a196000 	/System/Library/Frameworks/Foundation.framework/Versions/C/Foundation
0x000000000a196000 	/System/Library/Frameworks/AppKit.framework/Versions/C/AppKit
0x000000000a196000 	/System/Library/Frameworks/CoreData.framework/Versions/A/CoreData
0x000000000a196000 	/System/Library/PrivateFrameworks/RemoteViewServices.framework/Versions/A/RemoteViewServices
0x000000000a196000 	/System/Library/PrivateFrameworks/UIFoundation.framework/Versions/A/UIFoundation
0x000000000a196000 	/System/Library/PrivateFrameworks/XCTTargetBootstrap.framework/Versions/A/XCTTargetBootstrap
0x000000000a196000 	/System/Library/PrivateFrameworks/IconServices.framework/Versions/A/IconServices
0x000000000a196000 	/System/Library/Frameworks/Metal.framework/Versions/A/Metal
0x000000000a196000 	/System/Library/PrivateFrameworks/DesktopServicesPriv.framework/Versions/A/DesktopServicesPriv
0x000000000a196000 	/usr/lib/libenergytrace.dylib
0x000000000a196000 	/System/Library/PrivateFrameworks/SkyLight.framework/Versions/A/SkyLight
0x000000000a196000 	/System/Library/Frameworks/CoreGraphics.framework/Versions/A/CoreGraphics
0x000000000a196000 	/System/Library/Frameworks/Accelerate.framework/Versions/A/Accelerate
0x000000000a196000 	/System/Library/Frameworks/IOSurface.framework/Versions/A/IOSurface
0x000000000a196000 	/System/Library/PrivateFrameworks/DFRFoundation.framework/Versions/A/DFRFoundation
0x000000000a196000 	/System/Library/Frameworks/AudioToolbox.framework/Versions/A/AudioToolbox
0x000000000a196000 	/System/Library/Frameworks/AudioUnit.framework/Versions/A/AudioUnit
0x000000000a196000 	/System/Library/PrivateFrameworks/DataDetectorsCore.framework/Versions/A/DataDetectorsCore
0x000000000a196000 	/System/Library/Frameworks/Carbon.framework/Versions/A/Frameworks/HIToolbox.framework/Versions/A/HIToolbox
0x000000000a196000 	/usr/lib/libicucore.A.dylib
0x000000000a196000 	/System/Library/Frameworks/QuartzCore.framework/Versions/A/QuartzCore
0x000000000a196000 	/System/Library/Frameworks/Carbon.framework/Versions/A/Frameworks/SpeechRecognition.framework/Versions/A/SpeechRecognition
0x000000000a196000 	/usr/lib/libauto.dylib
0x000000000a196000 	/usr/lib/libxml2.2.dylib
0x000000000a196000 	/System/Library/PrivateFrameworks/CoreUI.framework/Versions/A/CoreUI
0x000000000a196000 	/System/Library/Frameworks/CoreAudio.framework/Versions/A/CoreAudio
0x000000000a196000 	/System/Library/Frameworks/DiskArbitration.framework/Versions/A/DiskArbitration
0x000000000a196000 	/usr/lib/liblangid.dylib
0x000000000a196000 	/System/Library/PrivateFrameworks/MultitouchSupport.framework/Versions/A/MultitouchSupport
0x000000000a196000 	/System/Library/Frameworks/IOKit.framework/Versions/A/IOKit
0x000000000a196000 	/usr/lib/libDiagnosticMessagesClient.dylib
0x000000000a196000 	/System/Library/Frameworks/CoreServices.framework/Versions/A/CoreServices
0x000000000a196000 	/System/Library/PrivateFrameworks/PerformanceAnalysis.framework/Versions/A/PerformanceAnalysis
0x000000000a196000 	/System/Library/Frameworks/OpenGL.framework/Versions/A/OpenGL
0x000000000a196000 	/System/Library/Frameworks/ColorSync.framework/Versions/A/ColorSync
0x000000000a196000 	/System/Library/Frameworks/CoreImage.framework/Versions/A/CoreImage
0x000000000a196000 	/System/Library/Frameworks/CoreText.framework/Versions/A/CoreText
0x000000000a196000 	/System/Library/Frameworks/ImageIO.framework/Versions/A/ImageIO
0x000000000a196000 	/System/Library/PrivateFrameworks/Backup.framework/Versions/A/Backup
0x000000000a196000 	/usr/lib/libarchive.2.dylib
0x000000000a196000 	/System/Library/Frameworks/CFNetwork.framework/Versions/A/CFNetwork
0x000000000a196000 	/System/Library/Frameworks/SystemConfiguration.framework/Versions/A/SystemConfiguration
0x000000000a196000 	/usr/lib/libCRFSuite.dylib
0x000000000a196000 	/usr/lib/libc++.1.dylib
0x000000000a196000 	/usr/lib/libc++abi.dylib
0x000000000a196000 	/usr/lib/system/libcache.dylib
0x000000000a196000 	/usr/lib/system/libcommonCrypto.dylib
0x000000000a196000 	/usr/lib/system/libcompiler_rt.dylib
0x000000000a196000 	/usr/lib/system/libcopyfile.dylib
0x000000000a196000 	/usr/lib/system/libcorecrypto.dylib
0x000000000a196000 	/usr/lib/system/libdispatch.dylib
0x000000000a196000 	/usr/lib/system/libdyld.dylib
0x000000000a196000 	/usr/lib/system/libkeymgr.dylib
0x000000000a196000 	/usr/lib/system/liblaunch.dylib
0x000000000a196000 	/usr/lib/system/libmacho.dylib
0x000000000a196000 	/usr/lib/system/libquarantine.dylib
0x000000000a196000 	/usr/lib/system/libremovefile.dylib
0x000000000a196000 	/usr/lib/system/libsystem_asl.dylib
0x000000000a196000 	/usr/lib/system/libsystem_blocks.dylib
0x000000000a196000 	/usr/lib/system/libsystem_c.dylib
0x000000000a196000 	/usr/lib/system/libsystem_configuration.dylib
0x000000000a196000 	/usr/lib/system/libsystem_coreservices.dylib
0x000000000a196000 	/usr/lib/system/libsystem_darwin.dylib
0x000000000a196000 	/usr/lib/system/libsystem_dnssd.dylib
0x000000000a196000 	/usr/lib/system/libsystem_info.dylib
0x000000000a196000 	/usr/lib/system/libsystem_m.dylib
0x000000000a196000 	/usr/lib/system/libsystem_malloc.dylib
0x000000000a196000 	/usr/lib/system/libsystem_networkextension.dylib
0x000000000a196000 	/usr/lib/system/libsystem_notify.dylib
0x000000000a196000 	/usr/lib/system/libsystem_sandbox.dylib
0x000000000a196000 	/usr/lib/system/libsystem_secinit.dylib
0x000000000a196000 	/usr/lib/system/libsystem_kernel.dylib
0x000000000a196000 	/usr/lib/system/libsystem_platform.dylib
0x000000000a196000 	/usr/lib/system/libsystem_pthread.dylib
0x000000000a196000 	/usr/lib/system/libsystem_symptoms.dylib
0x000000000a196000 	/usr/lib/system/libsystem_trace.dylib
0x000000000a196000 	/usr/lib/system/libunwind.dylib
0x000000000a196000 	/usr/lib/system/libxpc.dylib
0x000000000a196000 	/usr/lib/libbsm.0.dylib
0x000000000a196000 	/usr/lib/system/libkxld.dylib
0x000000000a196000 	/System/Library/PrivateFrameworks/AppleFSCompression.framework/Versions/A/AppleFSCompression
0x000000000a196000 	/usr/lib/libOpenScriptingUtil.dylib
0x000000000a196000 	/usr/lib/libcoretls.dylib
0x000000000a196000 	/usr/lib/libcoretls_cfhelpers.dylib
0x000000000a196000 	/usr/lib/libpam.2.dylib
0x000000000a196000 	/usr/lib/libsqlite3.dylib
0x000000000a196000 	/usr/lib/libxar.1.dylib
0x000000000a196000 	/usr/lib/libbz2.1.0.dylib
0x000000000a196000 	/usr/lib/liblzma.5.dylib
0x000000000a196000 	/usr/lib/libnetwork.dylib
0x000000000a196000 	/usr/lib/libapple_nghttp2.dylib
0x000000000a196000 	/usr/lib/libpcap.A.dylib
0x000000000a196000 	/System/Library/Frameworks/CoreServices.framework/Versions/A/Frameworks/FSEvents.framework/Versions/A/FSEvents
0x000000000a196000 	/System/Library/Frameworks/CoreServices.framework/Versions/A/Frameworks/CarbonCore.framework/Versions/A/CarbonCore
0x000000000a196000 	/System/Library/Frameworks/CoreServices.framework/Versions/A/Frameworks/Metadata.framework/Versions/A/Metadata
0x000000000a196000 	/System/Library/Frameworks/CoreServices.framework/Versions/A/Frameworks/OSServices.framework/Versions/A/OSServices
0x000000000a196000 	/System/Library/Frameworks/CoreServices.framework/Versions/A/Frameworks/SearchKit.framework/Versions/A/SearchKit
0x000000000a196000 	/System/Library/Frameworks/CoreServices.framework/Versions/A/Frameworks/AE.framework/Versions/A/AE
0x000000000a196000 	/System/Library/Frameworks/CoreServices.framework/Versions/A/Frameworks/LaunchServices.framework/Versions/A/LaunchServices
0x000000000a196000 	/System/Library/Frameworks/CoreServices.framework/Versions/A/Frameworks/DictionaryServices.framework/Versions/A/DictionaryServices
0x000000000a196000 	/System/Library/Frameworks/CoreServices.framework/Versions/A/Frameworks/SharedFileList.framework/Versions/A/SharedFileList
0x000000000a196000 	/System/Library/Frameworks/NetFS.framework/Versions/A/NetFS
0x000000000a196000 	/System/Library/PrivateFrameworks/NetAuth.framework/Versions/A/NetAuth
0x000000000a196000 	/System/Library/PrivateFrameworks/login.framework/Versions/A/Frameworks/loginsupport.framework/Versions/A/loginsupport
0x000000000a196000 	/System/Library/PrivateFrameworks/TCC.framework/Versions/A/TCC
0x000000000a196000 	/System/Library/PrivateFrameworks/CoreNLP.framework/Versions/A/CoreNLP
0x000000000a196000 	/System/Library/PrivateFrameworks/MetadataUtilities.framework/Versions/A/MetadataUtilities
0x000000000a196000 	/usr/lib/libmecabra.dylib
0x000000000a196000 	/System/Library/Frameworks/ApplicationServices.framework/Versions/A/Frameworks/ATS.framework/Versions/A/ATS
0x000000000a196000 	/System/Library/Frameworks/ApplicationServices.framework/Versions/A/Frameworks/ColorSyncLegacy.framework/Versions/A/ColorSyncLegacy
0x000000000a196000 	/System/Library/Frameworks/ApplicationServices.framework/Versions/A/Frameworks/HIServices.framework/Versions/A/HIServices
0x000000000a196000 	/System/Library/Frameworks/ApplicationServices.framework/Versions/A/Frameworks/LangAnalysis.framework/Versions/A/LangAnalysis
0x000000000a196000 	/System/Library/Frameworks/ApplicationServices.framework/Versions/A/Frameworks/PrintCore.framework/Versions/A/PrintCore
0x000000000a196000 	/System/Library/Frameworks/ApplicationServices.framework/Versions/A/Frameworks/QD.framework/Versions/A/QD
0x000000000a196000 	/System/Library/Frameworks/ApplicationServices.framework/Versions/A/Frameworks/SpeechSynthesis.framework/Versions/A/SpeechSynthesis
0x000000000a196000 	/usr/lib/libcompression.dylib
0x000000000a196000 	/System/Library/Frameworks/CoreDisplay.framework/Versions/A/CoreDisplay
0x000000000a196000 	/System/Library/Frameworks/MetalPerformanceShaders.framework/Versions/A/MetalPerformanceShaders
0x000000000a196000 	/System/Library/Frameworks/Accelerate.framework/Versions/A/Frameworks/vImage.framework/Versions/A/vImage
0x000000000a196000 	/System/Library/Frameworks/Accelerate.framework/Versions/A/Frameworks/vecLib.framework/Versions/A/vecLib
0x000000000a196000 	/System/Library/Frameworks/Accelerate.framework/Versions/A/Frameworks/vecLib.framework/Versions/A/libvMisc.dylib
0x000000000a196000 	/System/Library/Frameworks/Accelerate.framework/Versions/A/Frameworks/vecLib.framework/Versions/A/libvDSP.dylib
0x000000000a196000 	/System/Library/Frameworks/Accelerate.framework/Versions/A/Frameworks/vecLib.framework/Versions/A/libBLAS.dylib
0x000000000a196000 	/System/Library/Frameworks/Accelerate.framework/Versions/A/Frameworks/vecLib.framework/Versions/A/libLAPACK.dylib
0x000000000a196000 	/System/Library/Frameworks/Accelerate.framework/Versions/A/Frameworks/vecLib.framework/Versions/A/libLinearAlgebra.dylib
0x000000000a196000 	/System/Library/Frameworks/Accelerate.framework/Versions/A/Frameworks/vecLib.framework/Versions/A/libSparseBLAS.dylib
0x000000000a196000 	/System/Library/Frameworks/Accelerate.framework/Versions/A/Frameworks/vecLib.framework/Versions/A/libQuadrature.dylib
0x000000000a196000 	/System/Library/Frameworks/Accelerate.framework/Versions/A/Frameworks/vecLib.framework/Versions/A/libBNNS.dylib
0x000000000a196000 	/System/Library/Frameworks/Accelerate.framework/Versions/A/Frameworks/vecLib.framework/Versions/A/libSparse.dylib
0x000000000a196000 	/System/Library/PrivateFrameworks/GPUWrangler.framework/Versions/A/GPUWrangler
0x000000000a196000 	/System/Library/PrivateFrameworks/IOAccelerator.framework/Versions/A/IOAccelerator
0x000000000a196000 	/System/Library/PrivateFrameworks/IOPresentment.framework/Versions/A/IOPresentment
0x000000000a196000 	/System/Library/PrivateFrameworks/DSExternalDisplay.framework/Versions/A/DSExternalDisplay
0x000000000a196000 	/System/Library/Frameworks/OpenGL.framework/Versions/A/Libraries/libCoreFSCache.dylib
0x000000000a196000 	/System/Library/Frameworks/MetalPerformanceShaders.framework/Frameworks/MPSCore.framework/Versions/A/MPSCore
0x000000000a196000 	/System/Library/Frameworks/MetalPerformanceShaders.framework/Frameworks/MPSImage.framework/Versions/A/MPSImage
0x000000000a196000 	/System/Library/Frameworks/MetalPerformanceShaders.framework/Frameworks/MPSNeuralNetwork.framework/Versions/A/MPSNeuralNetwork
0x000000000a196000 	/System/Library/Frameworks/MetalPerformanceShaders.framework/Frameworks/MPSMatrix.framework/Versions/A/MPSMatrix
0x000000000a196000 	/System/Library/Frameworks/MetalPerformanceShaders.framework/Frameworks/MPSRayIntersector.framework/Versions/A/MPSRayIntersector
0x000000000a196000 	/System/Library/PrivateFrameworks/MetalTools.framework/Versions/A/MetalTools
0x000000000a196000 	/System/Library/PrivateFrameworks/AggregateDictionary.framework/Versions/A/AggregateDictionary
0x000000000a196000 	/usr/lib/libMobileGestalt.dylib
0x000000000a196000 	/System/Library/Frameworks/CoreVideo.framework/Versions/A/CoreVideo
0x000000000a196000 	/System/Library/PrivateFrameworks/GraphVisualizer.framework/Versions/A/GraphVisualizer
0x000000000a196000 	/System/Library/PrivateFrameworks/FaceCore.framework/Versions/A/FaceCore
0x000000000a196000 	/System/Library/Frameworks/OpenCL.framework/Versions/A/OpenCL
0x000000000a196000 	/usr/lib/libFosl_dynamic.dylib
0x000000000a196000 	/System/Library/PrivateFrameworks/OTSVG.framework/Versions/A/OTSVG
0x000000000a196000 	/System/Library/Frameworks/ApplicationServices.framework/Versions/A/Frameworks/ATS.framework/Versions/A/Resources/libFontParser.dylib
0x000000000a196000 	/System/Library/Frameworks/ApplicationServices.framework/Versions/A/Frameworks/ATS.framework/Versions/A/Resources/libFontRegistry.dylib
0x000000000a196000 	/System/Library/Frameworks/ImageIO.framework/Versions/A/Resources/libJPEG.dylib
0x000000000a196000 	/System/Library/Frameworks/ImageIO.framework/Versions/A/Resources/libTIFF.dylib
0x000000000a196000 	/System/Library/Frameworks/ImageIO.framework/Versions/A/Resources/libPng.dylib
0x000000000a196000 	/System/Library/Frameworks/ImageIO.framework/Versions/A/Resources/libGIF.dylib
0x000000000a196000 	/System/Library/Frameworks/ImageIO.framework/Versions/A/Resources/libJP2.dylib
0x000000000a196000 	/System/Library/Frameworks/ImageIO.framework/Versions/A/Resources/libRadiance.dylib
0x000000000a196000 	/System/Library/PrivateFrameworks/AppleJPEG.framework/Versions/A/AppleJPEG
0x000000000a196000 	/System/Library/Frameworks/OpenGL.framework/Versions/A/Libraries/libGFXShared.dylib
0x000000000a196000 	/System/Library/Frameworks/OpenGL.framework/Versions/A/Libraries/libGLU.dylib
0x000000000a196000 	/System/Library/Frameworks/OpenGL.framework/Versions/A/Libraries/libGL.dylib
0x000000000a196000 	/System/Library/Frameworks/OpenGL.framework/Versions/A/Libraries/libGLImage.dylib
0x000000000a196000 	/System/Library/Frameworks/OpenGL.framework/Versions/A/Libraries/libCVMSPluginSupport.dylib
0x000000000a196000 	/System/Library/Frameworks/OpenGL.framework/Versions/A/Libraries/libCoreVMClient.dylib
0x000000000a196000 	/usr/lib/libcups.2.dylib
0x000000000a196000 	/System/Library/Frameworks/Kerberos.framework/Versions/A/Kerberos
0x000000000a196000 	/System/Library/Frameworks/GSS.framework/Versions/A/GSS
0x000000000a196000 	/usr/lib/libresolv.9.dylib
0x000000000a196000 	/usr/lib/libiconv.2.dylib
0x000000000a196000 	/System/Library/PrivateFrameworks/Heimdal.framework/Versions/A/Heimdal
0x000000000a196000 	/usr/lib/libheimdal-asn1.dylib
0x000000000a196000 	/System/Library/Frameworks/OpenDirectory.framework/Versions/A/OpenDirectory
0x000000000a196000 	/System/Library/PrivateFrameworks/CommonAuth.framework/Versions/A/CommonAuth
0x000000000a196000 	/System/Library/Frameworks/OpenDirectory.framework/Versions/A/Frameworks/CFOpenDirectory.framework/Versions/A/CFOpenDirectory
0x000000000a196000 	/System/Library/Frameworks/SecurityFoundation.framework/Versions/A/SecurityFoundation
0x000000000a196000 	/System/Library/PrivateFrameworks/APFS.framework/Versions/A/APFS
0x000000000a196000 	/usr/lib/libutil.dylib
0x000000000a196000 	/usr/lib/libcharset.1.dylib
0x000000000a196000 	/System/Library/PrivateFrameworks/AppleSauce.framework/Versions/A/AppleSauce
0x000000000a196000 	/System/Library/PrivateFrameworks/AssertionServices.framework/Versions/A/AssertionServices
0x000000000a196000 	/System/Library/PrivateFrameworks/BaseBoard.framework/Versions/A/BaseBoard
0x000000000a196000 	/usr/lib/libmecab.1.0.0.dylib
0x000000000a196000 	/usr/lib/libgermantok.dylib
0x000000000a196000 	/usr/lib/libThaiTokenizer.dylib
0x000000000a196000 	/usr/lib/libChineseTokenizer.dylib
0x000000000a196000 	/System/Library/PrivateFrameworks/LanguageModeling.framework/Versions/A/LanguageModeling
0x000000000a196000 	/System/Library/PrivateFrameworks/CoreEmoji.framework/Versions/A/CoreEmoji
0x000000000a196000 	/System/Library/PrivateFrameworks/Lexicon.framework/Versions/A/Lexicon
0x000000000a196000 	/System/Library/PrivateFrameworks/LinguisticData.framework/Versions/A/LinguisticData
0x000000000a196000 	/usr/lib/libcmph.dylib
0x000000000a196000 	/System/Library/Frameworks/ServiceManagement.framework/Versions/A/ServiceManagement
0x000000000a196000 	/System/Library/PrivateFrameworks/BackgroundTaskManagement.framework/Versions/A/BackgroundTaskManagement
0x000000000a196000 	/usr/lib/libxslt.1.dylib
0x000000000a196000 	/System/Library/Frameworks/Carbon.framework/Versions/A/Frameworks/Ink.framework/Versions/A/Ink
0x000000000a196000 	/System/Library/PrivateFrameworks/TextureIO.framework/Versions/A/TextureIO
0x000000000a196000 	/usr/lib/libate.dylib
0x000000000a196000 	/System/Library/PrivateFrameworks/CrashReporterSupport.framework/Versions/A/CrashReporterSupport
0x000000000a196000 	/System/Library/PrivateFrameworks/Sharing.framework/Versions/A/Sharing
0x000000000a196000 	/System/Library/PrivateFrameworks/AuthKit.framework/Versions/A/AuthKit
0x000000000a196000 	/System/Library/PrivateFrameworks/Apple80211.framework/Versions/A/Apple80211
0x000000000a196000 	/System/Library/PrivateFrameworks/CoreUtils.framework/Versions/A/CoreUtils
0x000000000a196000 	/System/Library/Frameworks/CoreWLAN.framework/Versions/A/CoreWLAN
0x000000000a196000 	/System/Library/Frameworks/IOBluetooth.framework/Versions/A/IOBluetooth
0x000000000a196000 	/System/Library/PrivateFrameworks/ProtocolBuffer.framework/Versions/A/ProtocolBuffer
0x000000000a196000 	/System/Library/PrivateFrameworks/MobileKeyBag.framework/Versions/A/MobileKeyBag
0x000000000a196000 	/System/Library/PrivateFrameworks/CorePhoneNumbers.framework/Versions/A/CorePhoneNumbers
0x000000000a196000 	/System/Library/PrivateFrameworks/AppleIDAuthSupport.framework/Versions/A/AppleIDAuthSupport
0x000000000a196000 	/System/Library/PrivateFrameworks/KeychainCircle.framework/Versions/A/KeychainCircle
0x000000000a196000 	/System/Library/PrivateFrameworks/ROCKit.framework/Versions/A/ROCKit
0x000000000a196000 	/System/Library/PrivateFrameworks/CoreWiFi.framework/Versions/A/CoreWiFi
0x000000000a196000 	/System/Library/Frameworks/CoreBluetooth.framework/Versions/A/CoreBluetooth
0x000000000a196000 	/System/Library/PrivateFrameworks/DebugSymbols.framework/Versions/A/DebugSymbols
0x000000000a196000 	/System/Library/PrivateFrameworks/CoreSymbolication.framework/Versions/A/CoreSymbolication
0x000000000a196000 	/System/Library/PrivateFrameworks/Symbolication.framework/Versions/A/Symbolication
0x000000000a196000 	/System/Library/PrivateFrameworks/SpeechRecognitionCore.framework/Versions/A/SpeechRecognitionCore
0x000000010390a000 	/Applications/BlueJ.app/Contents/JDK/Home/jre/lib/server/libjvm.dylib
0x000000000a196000 	/usr/lib/libstdc++.6.dylib
0x00000001048b1000 	/Applications/BlueJ.app/Contents/JDK/Home/jre/lib/libverify.dylib
0x00000001048bf000 	/Applications/BlueJ.app/Contents/JDK/Home/jre/lib/libjava.dylib
0x00000001048f5000 	/Applications/BlueJ.app/Contents/JDK/Home/jre/lib/libjdwp.dylib
0x0000000104940000 	/Applications/BlueJ.app/Contents/JDK/Home/jre/lib/libnpt.dylib
0x000000010498d000 	/Applications/BlueJ.app/Contents/JDK/Home/jre/lib/libzip.dylib
0x000000000a196000 	/System/Library/Frameworks/JavaVM.framework/Versions/A/Frameworks/JavaRuntimeSupport.framework/Versions/A/JavaRuntimeSupport
0x000000000a196000 	/System/Library/Frameworks/JavaVM.framework/Versions/A/Frameworks/JavaNativeFoundation.framework/Versions/A/JavaNativeFoundation
0x000000000a196000 	/System/Library/Frameworks/JavaVM.framework/Versions/A/JavaVM
0x000000000a196000 	/System/Library/Frameworks/Carbon.framework/Versions/A/Carbon
0x000000000a196000 	/System/Library/PrivateFrameworks/JavaLaunching.framework/Versions/A/JavaLaunching
0x000000000a196000 	/System/Library/Frameworks/Carbon.framework/Versions/A/Frameworks/CommonPanels.framework/Versions/A/CommonPanels
0x000000000a196000 	/System/Library/Frameworks/Carbon.framework/Versions/A/Frameworks/Help.framework/Versions/A/Help
0x000000000a196000 	/System/Library/Frameworks/Carbon.framework/Versions/A/Frameworks/ImageCapture.framework/Versions/A/ImageCapture
0x000000000a196000 	/System/Library/Frameworks/Carbon.framework/Versions/A/Frameworks/OpenScripting.framework/Versions/A/OpenScripting
0x000000000a196000 	/System/Library/Frameworks/Carbon.framework/Versions/A/Frameworks/Print.framework/Versions/A/Print
0x000000000a196000 	/System/Library/Frameworks/Carbon.framework/Versions/A/Frameworks/SecurityHI.framework/Versions/A/SecurityHI
0x00000001049f5000 	/Applications/BlueJ.app/Contents/JDK/Home/jre/lib/libdt_socket.dylib
0x00000001210d8000 	/Applications/BlueJ.app/Contents/JDK/Home/jre/lib/libawt.dylib
0x0000000121180000 	/Applications/BlueJ.app/Contents/JDK/Home/jre/lib/./libmlib_image.dylib
0x000000012124c000 	/Applications/BlueJ.app/Contents/JDK/Home/jre/lib/libawt_lwawt.dylib
0x0000000121303000 	/Applications/BlueJ.app/Contents/JDK/Home/jre/lib/./libosxapp.dylib
0x000000000a196000 	/System/Library/Frameworks/ExceptionHandling.framework/Versions/A/ExceptionHandling
0x000000000a196000 	/System/Library/PrivateFrameworks/CoreServicesInternal.framework/Versions/A/CoreServicesInternal
0x000000000a196000 	/System/Library/CoreServices/RawCamera.bundle/Contents/MacOS/RawCamera
0x000000000a196000 	/System/Library/PrivateFrameworks/MobileAsset.framework/Versions/A/MobileAsset
0x000000000a196000 	/System/Library/PrivateFrameworks/StreamingZip.framework/Versions/A/StreamingZip
0x000000000a196000 	/System/Library/Frameworks/MediaToolbox.framework/Versions/A/MediaToolbox
0x000000000a196000 	/System/Library/PrivateFrameworks/CoreAVCHD.framework/Versions/A/CoreAVCHD
0x000000000a196000 	/System/Library/Frameworks/MediaAccessibility.framework/Versions/A/MediaAccessibility
0x000000000a196000 	/System/Library/PrivateFrameworks/Mangrove.framework/Versions/A/Mangrove
0x000000000a196000 	/System/Library/Frameworks/CoreMedia.framework/Versions/A/CoreMedia
0x000000000a196000 	/System/Library/Frameworks/VideoToolbox.framework/Versions/A/VideoToolbox
0x000000000a196000 	/System/Library/PrivateFrameworks/CoreAUC.framework/Versions/A/CoreAUC
0x000000000a196000 	/usr/lib/libspindump.dylib
0x000000000a196000 	/System/Library/PrivateFrameworks/AppleVA.framework/Versions/A/AppleVA
0x000000000a196000 	/System/Library/Frameworks/Accelerate.framework/Versions/A/Frameworks/vImage.framework/Versions/A/Libraries/libCGInterfaces.dylib
0x000000000a196000 	/System/Library/Frameworks/ApplicationServices.framework/Versions/A/Frameworks/ATS.framework/Versions/A/Resources/libTrueTypeScaler.dylib
0x000000000a196000 	/System/Library/Extensions/AppleIntelKBLGraphicsMTLDriver.bundle/Contents/MacOS/AppleIntelKBLGraphicsMTLDriver
0x000000000a196000 	/System/Library/PrivateFrameworks/GPUCompiler.framework/Versions/3902/Libraries/libmetal_timestamp.dylib
0x000000000a196000 	/System/Library/PrivateFrameworks/FamilyControls.framework/Versions/A/FamilyControls
0x000000000a196000 	/System/Library/PrivateFrameworks/CommerceKit.framework/Versions/A/Frameworks/CommerceCore.framework/Versions/A/CommerceCore
0x000000000a196000 	/System/Library/PrivateFrameworks/SystemAdministration.framework/Versions/A/SystemAdministration
0x000000000a196000 	/System/Library/PrivateFrameworks/AppContainer.framework/Versions/A/AppContainer
0x000000000a196000 	/System/Library/PrivateFrameworks/AppSandbox.framework/Versions/A/AppSandbox
0x000000000a196000 	/System/Library/PrivateFrameworks/SecCodeWrapper.framework/Versions/A/SecCodeWrapper
0x000000000a196000 	/usr/lib/libsandbox.1.dylib
0x000000000a196000 	/usr/lib/libMatch.1.dylib
0x000000000a196000 	/System/Library/PrivateFrameworks/DiskManagement.framework/Versions/A/DiskManagement
0x000000000a196000 	/System/Library/Frameworks/DirectoryService.framework/Versions/A/DirectoryService
0x000000000a196000 	/System/Library/PrivateFrameworks/DiskImages.framework/Versions/A/DiskImages
0x000000000a196000 	/System/Library/PrivateFrameworks/LoginUIKit.framework/Versions/A/Frameworks/LoginUICore.framework/Versions/A/LoginUICore
0x000000000a196000 	/usr/lib/libCoreStorage.dylib
0x000000000a196000 	/usr/lib/libcsfde.dylib
0x000000000a196000 	/usr/lib/libodfde.dylib
0x000000000a196000 	/System/Library/PrivateFrameworks/MediaKit.framework/Versions/A/MediaKit
0x000000000a196000 	/System/Library/Frameworks/DiscRecording.framework/Versions/A/DiscRecording
0x000000000a196000 	/System/Library/PrivateFrameworks/EFILogin.framework/Versions/A/EFILogin
0x000000000a196000 	/System/Library/PrivateFrameworks/ProtectedCloudStorage.framework/Versions/A/ProtectedCloudStorage
0x000000000a196000 	/usr/lib/libcurl.4.dylib
0x000000000a196000 	/usr/lib/libcrypto.42.dylib
0x000000000a196000 	/usr/lib/libssl.44.dylib
0x000000000a196000 	/System/Library/Frameworks/LDAP.framework/Versions/A/LDAP
0x000000000a196000 	/System/Library/PrivateFrameworks/TrustEvaluationAgent.framework/Versions/A/TrustEvaluationAgent
0x000000000a196000 	/usr/lib/libsasl2.2.dylib
0x000000000a196000 	/System/Library/PrivateFrameworks/CoreDaemon.framework/Versions/B/CoreDaemon
0x000000000a196000 	/System/Library/PrivateFrameworks/AppleSRP.framework/Versions/A/AppleSRP
0x000000000a196000 	/System/Library/PrivateFrameworks/ViewBridge.framework/Versions/A/ViewBridge
0x0000000123428000 	/Applications/BlueJ.app/Contents/JDK/Home/jre/lib/libfontmanager.dylib
0x000000000a196000 	/System/Library/Frameworks/OpenGL.framework/Versions/A/Resources/GLEngine.bundle/GLEngine
0x000000000a196000 	/System/Library/Frameworks/OpenGL.framework/Versions/A/Libraries/libGLProgrammability.dylib
0x000000000a196000 	/System/Library/Extensions/AppleIntelKBLGraphicsGLDriver.bundle/Contents/MacOS/AppleIntelKBLGraphicsGLDriver
0x000000000a196000 	/System/Library/PrivateFrameworks/GPUSupport.framework/Versions/A/Libraries/libGPUSupportMercury.dylib
0x000000000a196000 	/System/Library/Frameworks/OpenGL.framework/Versions/A/Resources/GLRendererFloat.bundle/GLRendererFloat
0x000000000a196000 	/System/Library/Frameworks/OpenCL.framework/Versions/A/Libraries/libcldcpuengine.dylib
0x000000000a196000 	/usr/lib/libcrypto.35.dylib
0x0000000123f7c000 	/Applications/BlueJ.app/Contents/JDK/Home/jre/lib/libosxui.dylib
0x00000001249a2000 	/usr/lib/libobjc-trampolines.dylib
0x000000012cfe1000 	/Applications/BlueJ.app/Contents/JDK/Home/jre/lib/libnet.dylib
0x000000012cff8000 	/Applications/BlueJ.app/Contents/JDK/Home/jre/lib/libnio.dylib

VM Arguments:
jvm_args: -ea -agentlib:jdwp=transport=dt_socket,address=127.0.0.1:49204 -Dfile.encoding=UTF-8 
java_command: bluej.runtime.ExecServer UTF-8
java_class_path (initial): /Applications/BlueJ.app/Contents/Resources/Java/bluejcore.jar:/Applications/BlueJ.app/Contents/Resources/Java/junit-4.11.jar:/Applications/BlueJ.app/Contents/Resources/Java/hamcrest-core-1.3.jar:/Applications/BlueJ.app/Contents/Resources/Java/lang-stride.jar:/Users/neilkaushikkar/Desktop/Class Files/gpdraw.jar:/Applications/BlueJ.app/Contents/Resources/Java/userlib/pi4j-core.jar:/Applications/BlueJ.app/Contents/Resources/Java/userlib/pi4j-gpio-extension.jar:/Applications/BlueJ.app/Contents/Resources/Java/userlib/pi4j-service.jar:/Applications/BlueJ.app/Contents/Resources/Java/userlib/pi4j-device.jar
Launcher Type: SUN_STANDARD

Environment Variables:
PATH=/usr/bin:/bin:/usr/sbin:/sbin
SHELL=/bin/bash

Signal Handlers:
SIGSEGV: [libjvm.dylib+0x5b26e5], sa_mask[0]=11111111011111110111111111111111, sa_flags=SA_ONSTACK|SA_RESTART|SA_SIGINFO
SIGBUS: [libjvm.dylib+0x5b26e5], sa_mask[0]=11111111011111110111111111111111, sa_flags=SA_RESTART|SA_SIGINFO
SIGFPE: [libjvm.dylib+0x489100], sa_mask[0]=11111111011111110111111111111111, sa_flags=SA_RESTART|SA_SIGINFO
SIGPIPE: [libjvm.dylib+0x489100], sa_mask[0]=11111111011111110111111111111111, sa_flags=SA_RESTART|SA_SIGINFO
SIGXFSZ: [libjvm.dylib+0x489100], sa_mask[0]=11111111011111110111111111111111, sa_flags=SA_RESTART|SA_SIGINFO
SIGILL: [libjvm.dylib+0x489100], sa_mask[0]=11111111011111110111111111111111, sa_flags=SA_RESTART|SA_SIGINFO
SIGUSR1: SIG_DFL, sa_mask[0]=00000000000000000000000000000000, sa_flags=none
SIGUSR2: [libjvm.dylib+0x488c1e], sa_mask[0]=00100000000000000000000000000000, sa_flags=SA_RESTART|SA_SIGINFO
SIGHUP: [libjvm.dylib+0x4871f5], sa_mask[0]=11111111011111110111111111111111, sa_flags=SA_RESTART|SA_SIGINFO
SIGINT: [libjvm.dylib+0x4871f5], sa_mask[0]=11111111011111110111111111111111, sa_flags=SA_RESTART|SA_SIGINFO
SIGTERM: [libjvm.dylib+0x4871f5], sa_mask[0]=11111111011111110111111111111111, sa_flags=SA_RESTART|SA_SIGINFO
SIGQUIT: [libjvm.dylib+0x4871f5], sa_mask[0]=11111111011111110111111111111111, sa_flags=SA_RESTART|SA_SIGINFO


---------------  S Y S T E M  ---------------

OS:Bsduname:Darwin 18.2.0 Darwin Kernel Version 18.2.0: Mon Nov 12 20:24:46 PST 2018; root:xnu-4903.231.4~2/RELEASE_X86_64 x86_64
rlimit: STACK 8192k, CORE 0k, NPROC 1418, NOFILE 10240, AS infinity
load average:1.24 1.70 2.00

CPU:total 4 (initial active 4) (2 cores per cpu, 2 threads per core) family 6 model 142 stepping 9, cmov, cx8, fxsr, mmx, sse, sse2, sse3, ssse3, sse4.1, sse4.2, popcnt, avx, avx2, aes, clmul, erms, rtm, 3dnowpref, lzcnt, ht, tsc, tscinvbit, bmi1, bmi2, adx

Memory: 4k page, physical 16777216k(1628424k free)

/proc/meminfo:


vm_info: Java HotSpot(TM) 64-Bit Server VM (25.144-b01) for bsd-amd64 JRE (1.8.0_144-b01), built on Jul 21 2017 22:07:42 by "java_re" with gcc 4.2.1 (Based on Apple Inc. build 5658) (LLVM build 2336.11.00)

time: Thu Mar 28 16:49:19 2019
elapsed time: 2003 seconds (0d 0h 33m 23s)

